<?xml version="1.0" encoding="UTF-8"?>
<testng-results ignored="0" total="1" passed="1" failed="0" skipped="0">
  <reporter-output>
  </reporter-output>
  <suite started-at="2023-02-14T11:42:23 IST" name="Suite" finished-at="2023-02-14T11:42:27 IST" duration-ms="4594">
    <groups>
    </groups>
    <test started-at="2023-02-14T11:42:23 IST" name="Test" finished-at="2023-02-14T11:42:27 IST" duration-ms="4594">
      <class name="test.loginTest">
        <test-method is-config="true" signature="beforeSuit()[pri:0, instance:test.loginTest@4c1909a3]" started-at="2023-02-14T11:42:21 IST" name="beforeSuit" finished-at="2023-02-14T11:42:23 IST" duration-ms="1081" status="PASS">
          <reporter-output>
          </reporter-output>
        </test-method> <!-- beforeSuit -->
        <test-method is-config="true" signature="beforeTest()[pri:0, instance:test.loginTest@4c1909a3]" started-at="2023-02-14T11:42:23 IST" name="beforeTest" finished-at="2023-02-14T11:42:24 IST" duration-ms="1050" status="PASS">
          <reporter-output>
          </reporter-output>
        </test-method> <!-- beforeTest -->
        <test-method signature="logintest(java.lang.String,java.lang.String)[pri:0, instance:test.loginTest@4c1909a3]" started-at="2023-02-14T11:42:24 IST" name="logintest" finished-at="2023-02-14T11:42:26 IST" duration-ms="2380" status="PASS">
          <params>
            <param index="0">
              <value>
                <![CDATA[demo]]>
              </value>
            </param>
            <param index="1">
              <value>
                <![CDATA[demo]]>
              </value>
            </param>
          </params>
          <reporter-output>
          </reporter-output>
        </test-method> <!-- logintest -->
        <test-method is-config="true" signature="afterTest()[pri:0, instance:test.loginTest@4c1909a3]" started-at="2023-02-14T11:42:26 IST" name="afterTest" finished-at="2023-02-14T11:42:27 IST" duration-ms="1134" status="PASS">
          <reporter-output>
          </reporter-output>
        </test-method> <!-- afterTest -->
      </class> <!-- test.loginTest -->
    </test> <!-- Test -->
  </suite> <!-- Suite -->
</testng-results>
